<?xml version="1.0" encoding="UTF-8"?>
<coverage generated="1785242458192" clover="3.2.0">
  <project timestamp="1785242458192" name="All files">
    <metrics statements="23" coveredstatements="22" conditionals="9" coveredconditionals="8" methods="3" coveredmethods="3" elements="35" coveredelements="33" complexity="0" loc="23" ncloc="23" packages="1" files="2" classes="2"/>
    <file name="index.js" path="C:\Users\Анастасия\Обучение в Hexlet\Проект Вычислитель отличий\frontend-project-46\src\index.js">
      <metrics statements="17" coveredstatements="17" conditionals="7" coveredconditionals="7" methods="2" coveredmethods="2"/>
      <line num="5" count="1" type="stmt"/>
      <line num="6" count="1" type="stmt"/>
      <line num="8" count="1" type="stmt"/>
      <line num="9" count="1" type="stmt"/>
      <line num="11" count="1" type="stmt"/>
      <line num="12" count="5" type="stmt"/>
      <line num="13" count="5" type="stmt"/>
      <line num="14" count="5" type="stmt"/>
      <line num="15" count="5" type="stmt"/>
      <line num="17" count="5" type="cond" truecount="2" falsecount="0"/>
      <line num="18" count="1" type="stmt"/>
      <line num="20" count="4" type="cond" truecount="2" falsecount="0"/>
      <line num="21" count="2" type="stmt"/>
      <line num="23" count="2" type="cond" truecount="2" falsecount="0"/>
      <line num="24" count="1" type="stmt"/>
      <line num="26" count="1" type="stmt"/>
      <line num="29" count="1" type="stmt"/>
    </file>
    <file name="parsers.js" path="C:\Users\Анастасия\Обучение в Hexlet\Проект Вычислитель отличий\frontend-project-46\src\parsers.js">
      <metrics statements="6" coveredstatements="5" conditionals="2" coveredconditionals="1" methods="1" coveredmethods="1"/>
      <line num="5" count="2" type="stmt"/>
      <line num="6" count="2" type="stmt"/>
      <line num="8" count="2" type="stmt"/>
      <line num="10" count="2" type="cond" truecount="1" falsecount="1"/>
      <line num="11" count="2" type="stmt"/>
      <line num="14" count="0" type="stmt"/>
    </file>
  </project>
</coverage>
