{"C:\\Users\\Анастасия\\Обучение в Hexlet\\Проект Вычислитель отличий\\frontend-project-46\\src\\index.js": {"path":"C:\\Users\\Анастасия\\Обучение в Hexlet\\Проект Вычислитель отличий\\frontend-project-46\\src\\index.js","statementMap":{"0":{"start":{"line":5,"column":16},"end":{"line":5,"column":36}},"1":{"start":{"line":6,"column":16},"end":{"line":6,"column":36}},"2":{"start":{"line":8,"column":18},"end":{"line":8,"column":65}},"3":{"start":{"line":9,"column":21},"end":{"line":9,"column":38}},"4":{"start":{"line":11,"column":17},"end":{"line":27,"column":4}},"5":{"start":{"line":12,"column":20},"end":{"line":12,"column":45}},"6":{"start":{"line":13,"column":20},"end":{"line":13,"column":45}},"7":{"start":{"line":14,"column":19},"end":{"line":14,"column":29}},"8":{"start":{"line":15,"column":19},"end":{"line":15,"column":29}},"9":{"start":{"line":17,"column":4},"end":{"line":19,"column":5}},"10":{"start":{"line":18,"column":6},"end":{"line":18,"column":37}},"11":{"start":{"line":20,"column":4},"end":{"line":22,"column":5}},"12":{"start":{"line":21,"column":6},"end":{"line":21,"column":37}},"13":{"start":{"line":23,"column":4},"end":{"line":25,"column":5}},"14":{"start":{"line":24,"column":6},"end":{"line":24,"column":37}},"15":{"start":{"line":26,"column":4},"end":{"line":26,"column":58}},"16":{"start":{"line":29,"column":2},"end":{"line":29,"column":38}}},"fnMap":{"0":{"name":"genDiff","decl":{"start":{"line":4,"column":24},"end":{"line":4,"column":31}},"loc":{"start":{"line":4,"column":74},"end":{"line":30,"column":1}},"line":4},"1":{"name":"(anonymous_1)","decl":{"start":{"line":11,"column":32},"end":{"line":11,"column":33}},"loc":{"start":{"line":11,"column":41},"end":{"line":27,"column":3}},"line":11}},"branchMap":{"0":{"loc":{"start":{"line":4,"column":54},"end":{"line":4,"column":72}},"type":"default-arg","locations":[{"start":{"line":4,"column":63},"end":{"line":4,"column":72}}],"line":4},"1":{"loc":{"start":{"line":17,"column":4},"end":{"line":19,"column":5}},"type":"if","locations":[{"start":{"line":17,"column":4},"end":{"line":19,"column":5}},{"start":{},"end":{}}],"line":17},"2":{"loc":{"start":{"line":20,"column":4},"end":{"line":22,"column":5}},"type":"if","locations":[{"start":{"line":20,"column":4},"end":{"line":22,"column":5}},{"start":{},"end":{}}],"line":20},"3":{"loc":{"start":{"line":23,"column":4},"end":{"line":25,"column":5}},"type":"if","locations":[{"start":{"line":23,"column":4},"end":{"line":25,"column":5}},{"start":{},"end":{}}],"line":23}},"s":{"0":1,"1":1,"2":1,"3":1,"4":1,"5":5,"6":5,"7":5,"8":5,"9":5,"10":1,"11":4,"12":2,"13":2,"14":1,"15":1,"16":1},"f":{"0":1,"1":5},"b":{"0":[1],"1":[1,4],"2":[2,2],"3":[1,1]},"_coverageSchema":"1a1c01bbd47fc00a2c39e90264f33305004495a9","hash":"ca62715663ec457f9a6a44021b9993de9c8d0b1d"}
,"C:\\Users\\Анастасия\\Обучение в Hexlet\\Проект Вычислитель отличий\\frontend-project-46\\src\\parsers.js": {"path":"C:\\Users\\Анастасия\\Обучение в Hexlet\\Проект Вычислитель отличий\\frontend-project-46\\src\\parsers.js","statementMap":{"0":{"start":{"line":5,"column":19},"end":{"line":5,"column":56}},"1":{"start":{"line":6,"column":18},"end":{"line":6,"column":52}},"2":{"start":{"line":8,"column":20},"end":{"line":8,"column":56}},"3":{"start":{"line":10,"column":2},"end":{"line":12,"column":3}},"4":{"start":{"line":11,"column":4},"end":{"line":11,"column":31}},"5":{"start":{"line":14,"column":2},"end":{"line":14,"column":59}}},"fnMap":{"0":{"name":"parseFile","decl":{"start":{"line":4,"column":24},"end":{"line":4,"column":33}},"loc":{"start":{"line":4,"column":44},"end":{"line":15,"column":1}},"line":4}},"branchMap":{"0":{"loc":{"start":{"line":10,"column":2},"end":{"line":12,"column":3}},"type":"if","locations":[{"start":{"line":10,"column":2},"end":{"line":12,"column":3}},{"start":{},"end":{}}],"line":10}},"s":{"0":2,"1":2,"2":2,"3":2,"4":2,"5":0},"f":{"0":2},"b":{"0":[2,0]},"_coverageSchema":"1a1c01bbd47fc00a2c39e90264f33305004495a9","hash":"f3934bb43e5002fa1702a12beefd1e35b6624708"}
}
