TN:
SF:src\index.js
FN:4,genDiff
FN:11,(anonymous_1)
FNF:2
FNH:2
FNDA:1,genDiff
FNDA:5,(anonymous_1)
DA:5,1
DA:6,1
DA:8,1
DA:9,1
DA:11,1
DA:12,5
DA:13,5
DA:14,5
DA:15,5
DA:17,5
DA:18,1
DA:20,4
DA:21,2
DA:23,2
DA:24,1
DA:26,1
DA:29,1
LF:17
LH:17
BRDA:4,0,0,1
BRDA:17,1,0,1
BRDA:17,1,1,4
BRDA:20,2,0,2
BRDA:20,2,1,2
BRDA:23,3,0,1
BRDA:23,3,1,1
BRF:7
BRH:7
end_of_record
TN:
SF:src\parsers.js
FN:4,parseFile
FNF:1
FNH:1
FNDA:2,parseFile
DA:5,2
DA:6,2
DA:8,2
DA:10,2
DA:11,2
DA:14,0
LF:6
LH:5
BRDA:10,0,0,2
BRDA:10,0,1,0
BRF:2
BRH:1
end_of_record
